Environment variables loaded from .env
Prisma schema loaded from prisma\schema.prisma
Datasource "db": SQLite database "dev.db" at "file:./dev.db"

Drift detected: Your database schema is not in sync with your migration history.

The following is a summary of the differences between the expected database schema given your migrations files, and the actual schema of the database.

It should be understood as the set of changes to get from the expected schema to the actual schema.

If you are running this the first time on an existing database, please make sure to read this documentation page:
https://www.prisma.io/docs/guides/database/developing-with-prisma-migrate/troubleshooting-development

[+] Added tables
  - CatalogCategory
  - CatalogItem
  - CatalogSubCategory
  - Client
  - Dish
  - Event
  - Expense
  - Ingredient
  - Layout
  - MaintenanceLog
  - Menu
  - Payment
  - Quote
  - QuoteItem
  - RecipeItem
  - Staff
  - Supplier
  - Timeline
  - TimelineItem
  - User
  - Venue
  - VenueFeature
  - VenueImage
  - _MenuDishes

[*] Changed the `Client` table
  [+] Added unique index on columns (email)

[*] Changed the `Layout` table
  [+] Added unique index on columns (eventId)

[*] Changed the `Timeline` table
  [+] Added unique index on columns (eventId)

[*] Changed the `User` table
  [+] Added unique index on columns (email)

[*] Changed the `_MenuDishes` table
  [+] Added index on columns (B)
  [+] Added unique index on columns (A, B)

[?25l[2K[1G[36m?[39m [1mWe need to reset the SQLite database "dev.db" at "file:./dev.db"
Do you want to continue? All data will be lost.[22m [90m»[39m [90m(y/N)[39m